<?xml version="1.0" encoding="UTF-8"?>
<testng-results ignored="0" total="1" passed="1" failed="0" skipped="0">
  <reporter-output>
    <line>
      <![CDATA[openBrowser]]>
    </line>
    <line>
      <![CDATA[URL & Login]]>
    </line>
    <line>
      <![CDATA[Amazon]]>
    </line>
    <line>
      <![CDATA[logout]]>
    </line>
    <line>
      <![CDATA[closeBrowser]]>
    </line>
  </reporter-output>
  <suite started-at="2025-09-24T09:39:41 IST" name="Surefire suite" finished-at="2025-09-24T09:39:57 IST" duration-ms="16050">
    <groups>
    </groups>
    <test started-at="2025-09-24T09:39:41 IST" name="Surefire test" finished-at="2025-09-24T09:39:57 IST" duration-ms="16050">
      <class name="Demo.AmazonTest">
        <test-method is-config="true" signature="openBrowser()[pri:0, instance:Demo.AmazonTest@2e554a3b]" started-at="2025-09-24T09:39:41 IST" name="openBrowser" finished-at="2025-09-24T09:39:53 IST" duration-ms="11172" status="PASS">
          <reporter-output>
            <line>
              <![CDATA[openBrowser]]>
            </line>
          </reporter-output>
        </test-method> <!-- openBrowser -->
        <test-method is-config="true" signature="login()[pri:0, instance:Demo.AmazonTest@2e554a3b]" started-at="2025-09-24T09:39:53 IST" name="login" finished-at="2025-09-24T09:39:53 IST" duration-ms="17" status="PASS">
          <reporter-output>
            <line>
              <![CDATA[URL & Login]]>
            </line>
          </reporter-output>
        </test-method> <!-- login -->
        <test-method signature="amazon()[pri:0, instance:Demo.AmazonTest@2e554a3b]" started-at="2025-09-24T09:39:53 IST" name="amazon" finished-at="2025-09-24T09:39:57 IST" duration-ms="3766" status="PASS">
          <reporter-output>
            <line>
              <![CDATA[Amazon]]>
            </line>
          </reporter-output>
        </test-method> <!-- amazon -->
        <test-method is-config="true" signature="logout()[pri:0, instance:Demo.AmazonTest@2e554a3b]" started-at="2025-09-24T09:39:57 IST" name="logout" finished-at="2025-09-24T09:39:57 IST" duration-ms="2" status="PASS">
          <reporter-output>
            <line>
              <![CDATA[logout]]>
            </line>
          </reporter-output>
        </test-method> <!-- logout -->
        <test-method is-config="true" signature="closeBrowser()[pri:0, instance:Demo.AmazonTest@2e554a3b]" started-at="2025-09-24T09:39:57 IST" name="closeBrowser" finished-at="2025-09-24T09:39:57 IST" duration-ms="487" status="PASS">
          <reporter-output>
            <line>
              <![CDATA[closeBrowser]]>
            </line>
          </reporter-output>
        </test-method> <!-- closeBrowser -->
      </class> <!-- Demo.AmazonTest -->
    </test> <!-- Surefire test -->
  </suite> <!-- Surefire suite -->
</testng-results>
