<?xml version="1.0" encoding="UTF-8"?>
<testng-results ignored="0" total="1" passed="1" failed="0" skipped="0">
  <reporter-output>
    <line>
      <![CDATA[openBrowser]]>
    </line>
    <line>
      <![CDATA[URL & Login]]>
    </line>
    <line>
      <![CDATA[Amazon]]>
    </line>
    <line>
      <![CDATA[logout]]>
    </line>
    <line>
      <![CDATA[closeBrowser]]>
    </line>
  </reporter-output>
  <suite started-at="2025-09-24T11:43:36 IST" name="Suite" finished-at="2025-09-24T11:43:40 IST" duration-ms="4784">
    <groups>
    </groups>
    <test started-at="2025-09-24T11:43:36 IST" name="Test" finished-at="2025-09-24T11:43:40 IST" duration-ms="4784">
      <class name="Demo.AmazonTest">
        <test-method is-config="true" signature="openBrowser()[pri:0, instance:Demo.AmazonTest@394df057]" started-at="2025-09-24T11:43:36 IST" name="openBrowser" finished-at="2025-09-24T11:43:39 IST" duration-ms="2416" status="PASS">
          <reporter-output>
            <line>
              <![CDATA[openBrowser]]>
            </line>
          </reporter-output>
        </test-method> <!-- openBrowser -->
        <test-method is-config="true" signature="login()[pri:0, instance:Demo.AmazonTest@394df057]" started-at="2025-09-24T11:43:39 IST" name="login" finished-at="2025-09-24T11:43:39 IST" duration-ms="15" status="PASS">
          <reporter-output>
            <line>
              <![CDATA[URL & Login]]>
            </line>
          </reporter-output>
        </test-method> <!-- login -->
        <test-method signature="amazon()[pri:0, instance:Demo.AmazonTest@394df057]" started-at="2025-09-24T11:43:39 IST" name="amazon" finished-at="2025-09-24T11:43:40 IST" duration-ms="1215" status="PASS">
          <reporter-output>
            <line>
              <![CDATA[Amazon]]>
            </line>
          </reporter-output>
        </test-method> <!-- amazon -->
        <test-method is-config="true" signature="logout()[pri:0, instance:Demo.AmazonTest@394df057]" started-at="2025-09-24T11:43:40 IST" name="logout" finished-at="2025-09-24T11:43:40 IST" duration-ms="2" status="PASS">
          <reporter-output>
            <line>
              <![CDATA[logout]]>
            </line>
          </reporter-output>
        </test-method> <!-- logout -->
        <test-method is-config="true" signature="closeBrowser()[pri:0, instance:Demo.AmazonTest@394df057]" started-at="2025-09-24T11:43:40 IST" name="closeBrowser" finished-at="2025-09-24T11:43:40 IST" duration-ms="282" status="PASS">
          <reporter-output>
            <line>
              <![CDATA[closeBrowser]]>
            </line>
          </reporter-output>
        </test-method> <!-- closeBrowser -->
      </class> <!-- Demo.AmazonTest -->
    </test> <!-- Test -->
  </suite> <!-- Suite -->
</testng-results>
